Nov 23, 2019 7:26:05 PM org.hibernate.Version logVersion
INFO: HHH000412: Hibernate Core {5.4.7.Final}
Nov 23, 2019 7:26:05 PM org.hibernate.annotations.common.reflection.java.JavaReflectionManager <clinit>
INFO: HCANN000001: Hibernate Commons Annotations {5.1.0.Final}
Nov 23, 2019 7:26:05 PM org.hibernate.engine.jdbc.connections.internal.DriverManagerConnectionProviderImpl configure
WARN: HHH10001002: Using Hibernate built-in connection pool (not for production use!)
Nov 23, 2019 7:26:05 PM org.hibernate.engine.jdbc.connections.internal.DriverManagerConnectionProviderImpl buildCreator
INFO: HHH10001005: using driver [com.mysql.jdbc.Driver] at URL [jdbc:mysql://localhost:3306/LayerPOSHib?createDatabaseIfNotExist=true]
Nov 23, 2019 7:26:05 PM org.hibernate.engine.jdbc.connections.internal.DriverManagerConnectionProviderImpl buildCreator
INFO: HHH10001001: Connection properties: {user=root, password=****}
Nov 23, 2019 7:26:05 PM org.hibernate.engine.jdbc.connections.internal.DriverManagerConnectionProviderImpl buildCreator
INFO: HHH10001003: Autocommit mode: false
Nov 23, 2019 7:26:05 PM org.hibernate.engine.jdbc.connections.internal.DriverManagerConnectionProviderImpl$PooledConnections <init>
INFO: HHH000115: Hibernate connection pool size: 20 (min=1)
Nov 23, 2019 7:26:06 PM org.hibernate.dialect.Dialect <init>
INFO: HHH000400: Using dialect: org.hibernate.dialect.MySQL57Dialect
Nov 23, 2019 7:26:06 PM org.hibernate.mapping.RootClass checkCompositeIdentifier
WARN: HHH000038: Composite-id class does not override equals(): lk.ijse.dep.pos.entity.OrderDetailPK
Nov 23, 2019 7:26:06 PM org.hibernate.mapping.RootClass checkCompositeIdentifier
WARN: HHH000039: Composite-id class does not override hashCode(): lk.ijse.dep.pos.entity.OrderDetailPK
Nov 23, 2019 7:26:06 PM org.hibernate.resource.transaction.backend.jdbc.internal.DdlTransactionIsolatorNonJtaImpl getIsolatedConnection
INFO: HHH10001501: Connection obtained from JdbcConnectionAccess [org.hibernate.engine.jdbc.env.internal.JdbcEnvironmentInitiator$ConnectionProviderJdbcConnectionAccess@50791721] for (non-JTA) DDL execution was not in auto-commit mode; the Connection 'local transaction' will be committed and the Connection will be set into auto-commit mode.
Nov 23, 2019 7:26:06 PM org.hibernate.engine.transaction.jta.platform.internal.JtaPlatformInitiator initiateService
INFO: HHH000490: Using JtaPlatform implementation: [org.hibernate.engine.transaction.jta.platform.internal.NoJtaPlatform]
Nov 23, 2019 7:26:11 PM org.hibernate.engine.jdbc.connections.internal.DriverManagerConnectionProviderImpl$PoolState stop
INFO: HHH10001008: Cleaning up connection pool [jdbc:mysql://localhost:3306/LayerPOSHib?createDatabaseIfNotExist=true]
